{"content": {"suites": {"0": {"status": {"total_pass": 14, "total_skip": 0, "total_xpass": 0, "total_xfail": 0, "total_rerun": 0, "total_fail": 6, "total_error": 0}, "tests": {"0": {"status": "FAIL", "message": "   selenium.common.exceptions.NoSuchElementException: Message: no such element: Unable to locate element: {\"method\":\"css selector\",\"selector\":\"[id=\"login-username\"]\"}\n     (Session info: chrome=133.0.6943.99); For documentation on this error, please visit: https://www.selenium.dev/documentation/webdriver/troubleshooting/errors#no-such-element-exception\n   Stacktrace:\n   \tGetHandleVerifier [0x008E02D3+25139]\n   \t(No symbol) [0x0086B284]\n   \t(No symbol) [0x007404A3]\n   \t(No symbol) [0x00788338]\n   \t(No symbol) [0x0078868B]\n   \t(No symbol) [0x007D0F62]\n   \t(No symbol) [0x007ACF84]\n   \t(No symbol) [0x007CE6E1]\n   \t(No symbol) [0x007ACD36]\n   \t(No symbol) [0x0077BD29]\n   \t(No symbol) [0x0077D064]\n   \tGetHandleVerifier [0x00BEB193+3215603]\n   \tGetHandleVerifier [0x00C0230A+3310186]\n   \tGetHandleVerifier [0x00BFC522+3286146]\n   \tGetHandleVerifier [0x00979CD0+654384]\n   \t(No symbol) [0x0087460D]\n   \t(No symbol) [0x008714F8]\n   \t(No symbol) [0x00871697]\n   \t(No symbol) [0x00863D70]\n   \tBaseThreadInitThunk [0x75865D49+25]\n   \tRtlInitializeExceptionChain [0x77BCCDEB+107]\n   \tRtlGetAppContainerNamedObjectPath [0x77BCCD71+561]\n", "test_name": "test_validemail[chrome]", "rerun": "0"}, "1": {"status": "PASS", "message": "", "test_name": "test_validusername[chrome]", "rerun": "0"}, "2": {"status": "PASS", "message": "", "test_name": "test_invalidemail[chrome]", "rerun": "0"}, "3": {"status": "PASS", "message": "", "test_name": "test_invalidusername[chrome]", "rerun": "0"}, "4": {"status": "PASS", "message": "", "test_name": "test_invalidpassword1[chrome]", "rerun": "0"}, "5": {"status": "PASS", "message": "", "test_name": "test_invalidpassword2[chrome]", "rerun": "0"}, "6": {"status": "PASS", "message": "", "test_name": "test_invalidemail1[chrome]", "rerun": "0"}, "7": {"status": "PASS", "message": "", "test_name": "test_invalidusername1[chrome]", "rerun": "0"}, "8": {"status": "FAIL", "message": "   AssertionError: assert None == 'Please enter your Spotify username or email address.'\n", "test_name": "test_blankcredentials[chrome]", "rerun": "0"}, "9": {"status": "FAIL", "message": "   AssertionError: assert None == 'Please enter your password.'\n", "test_name": "test_blankpassword1[chrome]", "rerun": "0"}, "10": {"status": "FAIL", "message": "   AssertionError: assert None == 'Please enter your password.'\n", "test_name": "test_blankpassword2[chrome]", "rerun": "0"}, "11": {"status": "FAIL", "message": "   AssertionError: assert None == 'Please enter your Spotify username or email address.'\n", "test_name": "test_blankemail[chrome]", "rerun": "0"}, "12": {"status": "FAIL", "message": "   AssertionError: assert None == 'Please enter your Spotify username or email address.'\n", "test_name": "test_blankusername[chrome]", "rerun": "0"}, "13": {"status": "PASS", "message": "", "test_name": "test_placeholder[chrome]", "rerun": "0"}, "14": {"status": "PASS", "message": "", "test_name": "test_passwordtype[chrome]", "rerun": "0"}, "15": {"status": "PASS", "message": "", "test_name": "test_passwordvisibile[chrome]", "rerun": "0"}, "16": {"status": "PASS", "message": "", "test_name": "test_passwordicon[chrome]", "rerun": "0"}, "17": {"status": "PASS", "message": "", "test_name": "test_copypassword[chrome]", "rerun": "0"}, "18": {"status": "PASS", "message": "", "test_name": "test_spaces[chrome]", "rerun": "0"}, "19": {"status": "PASS", "message": "", "test_name": "test_resetpassword[chrome]", "rerun": "0"}}, "suite_name": "Tests/login_test.py"}}}, "date": "February 18, 2025", "start_time": 1739885378.8939, "total_suite": 1, "status": "FAIL", "status_list": {"pass": "14", "fail": "6", "skip": "0", "error": "0", "xpass": "0", "xfail": "0", "rerun": "0"}, "total_tests": "20"}